<?xml version="1.0" encoding="UTF-8"?>
<!-- Generated by org.testng.reporters.JUnitReportReporter -->
<testsuite hostname="LAPTOP-SJ8DN68H" failures="0" tests="1" name="example.SendSMSStakeholders" time="2.950" errors="0" timestamp="2 Jul 2019 13:02:49 GMT">
  <testcase classname="example.SendSMSStakeholders" name="FailSMS" time="2.950"/>
</testsuite> <!-- example.SendSMSStakeholders -->
