<?xml version="1.0" encoding="UTF-8"?>
<!-- Generated by org.testng.reporters.JUnitReportReporter -->
<testsuite hostname="LAPTOP-SJ8DN68H" failures="0" tests="1" name="example.SendSMS" time="1.476" errors="0" timestamp="4 Jul 2019 06:30:19 GMT">
  <testcase classname="example.SendSMS" name="FailSMS" time="1.476"/>
</testsuite> <!-- example.SendSMS -->
