<?xml version="1.0" encoding="UTF-8"?>
<!-- Generated by org.testng.reporters.JUnitReportReporter -->
<testsuite hostname="LAPTOP-SJ8DN68H" failures="0" tests="1" name="example.SendSMS" time="3.835" errors="0" timestamp="4 Jul 2019 05:26:04 GMT">
  <testcase classname="example.SendSMS" name="FailSMS" time="3.835"/>
</testsuite> <!-- example.SendSMS -->
