<?xml version="1.0" encoding="UTF-8"?>
<!-- Generated by org.testng.reporters.JUnitReportReporter -->
<testsuite hostname="LAPTOP-SJ8DN68H" failures="0" tests="1" name="example.NewTest" time="8.490" errors="0" timestamp="27 Jun 2019 11:13:02 GMT">
  <testcase classname="example.NewTest" name="testEasy" time="8.490"/>
</testsuite> <!-- example.NewTest -->
