<?xml version="1.0" encoding="UTF-8"?>
<!-- Generated by org.testng.reporters.JUnitReportReporter -->
<testsuite hostname="LAPTOP-SJ8DN68H" failures="0" tests="7" name="example.NewTest" time="27.111" errors="0" timestamp="5 Jul 2019 07:50:48 GMT">
  <testcase classname="example.NewTest" name="APIIpOne" time="0.545"/>
  <testcase classname="example.NewTest" name="testEasy" time="5.185"/>
  <testcase classname="example.NewTest" name="LBIpOne" time="4.523"/>
  <testcase classname="example.NewTest" name="DekstopIpThree" time="3.459"/>
  <testcase classname="example.NewTest" name="DekstopIpTwo" time="6.622"/>
  <testcase classname="example.NewTest" name="DekstopIpOne" time="6.283"/>
  <testcase classname="example.NewTest" name="APIIpTwo" time="0.494"/>
</testsuite> <!-- example.NewTest -->
