<?xml version="1.0" encoding="UTF-8"?>
<!-- Generated by org.testng.reporters.JUnitReportReporter -->
<testsuite hostname="LAPTOP-SJ8DN68H" failures="0" tests="1" name="example.NewTest" time="2.114" errors="0" timestamp="27 Jun 2019 06:35:57 GMT">
  <testcase classname="example.NewTest" name="testEasy" time="2.114"/>
</testsuite> <!-- example.NewTest -->
