<?xml version="1.0" encoding="UTF-8"?>
<!-- Generated by org.testng.reporters.JUnitReportReporter -->
<testsuite hostname="LAPTOP-SJ8DN68H" failures="0" tests="1" name="example.SendSMS" time="1.505" errors="0" timestamp="28 Jun 2019 09:16:11 GMT">
  <testcase classname="example.SendSMS" name="FailSMS" time="1.505"/>
</testsuite> <!-- example.SendSMS -->
