<?xml version="1.0" encoding="UTF-8"?>
<!-- Generated by org.testng.reporters.JUnitReportReporter -->
<testsuite hostname="LAPTOP-SJ8DN68H" failures="0" tests="14" name="example.NewTest" time="26.548" errors="0" timestamp="8 Nov 2019 06:36:24 GMT">
  <testcase classname="example.NewTest" name="DekstopIpOne" time="6.349"/>
  <testcase classname="example.NewTest" name="ES4" time="0.287"/>
  <testcase classname="example.NewTest" name="ES5" time="0.276"/>
  <testcase classname="example.NewTest" name="APIIpTwo" time="0.354"/>
  <testcase classname="example.NewTest" name="ES1" time="0.533"/>
  <testcase classname="example.NewTest" name="DekstopIpTwo" time="2.673"/>
  <testcase classname="example.NewTest" name="LBIpOne" time="1.944"/>
  <testcase classname="example.NewTest" name="testEasy" time="10.112"/>
  <testcase classname="example.NewTest" name="CDNIP" time="0.099"/>
  <testcase classname="example.NewTest" name="LBIptwo" time="0.425"/>
  <testcase classname="example.NewTest" name="ES3" time="0.305"/>
  <testcase classname="example.NewTest" name="ES2" time="0.297"/>
  <testcase classname="example.NewTest" name="APIIpOne" time="0.406"/>
  <testcase classname="example.NewTest" name="DekstopIpThree" time="2.488"/>
</testsuite> <!-- example.NewTest -->
