<?xml version="1.0" encoding="UTF-8"?>
<!-- Generated by org.testng.reporters.JUnitReportReporter -->
<testsuite hostname="LAPTOP-SJ8DN68H" failures="0" tests="1" name="example.NewTest" time="1.601" errors="0" timestamp="28 Jun 2019 09:42:20 GMT">
  <testcase classname="example.NewTest" name="testEasy" time="1.601"/>
</testsuite> <!-- example.NewTest -->
